<?xml version="1.0" encoding="UTF-8"?>
<testsuite xmlns:xsi="http://www.w3.org/2001/XMLSchema-instance" xsi:noNamespaceSchemaLocation="https://maven.apache.org/surefire/maven-surefire-plugin/xsd/surefire-test-report-3.0.xsd" version="3.0" name="com.map.map_marker.MapMarkerApplicationTests" time="6.964" tests="1" errors="0" skipped="0" failures="0">
  <properties>
[...]
</properties>
  <testcase name="contextLoads" classname="com.map.map_marker.MapMarkerApplicationTests" time="0.543">
    <system-out><![CDATA[01:17:59.755 [main] INFO org.springframework.test.context.support.AnnotationConfigContextLoaderUtils -- Could not detect default configuration classes for test class [com.map.map_marker.MapMarkerApplicationTests]: MapMarkerApplicationTests does not declare any static, non-private, non-final, nested classes annotated with @Configuration.
01:17:59.856 [main] INFO org.springframework.boot.test.context.SpringBootTestContextBootstrapper -- Found @SpringBootConfiguration com.map.map_marker.MapMarkerApplication for test class com.map.map_marker.MapMarkerApplicationTests

  .   ____          _            __ _ _
 /\\ / ___'_ __ _ _(_)_ __  __ _ \ \ \ \
( ( )\___ | '_ | '_| | '_ \/ _` | \ \ \ \
 \\/  ___)| |_)| | | | | || (_| |  ) ) ) )
  '  |____| .__|_| |_|_| |_\__, | / / / /
 =========|_|==============|___/=/_/_/_/

 :: Spring Boot ::                (v3.3.4)

2025-03-12T01:18:00.249+08:00  INFO 32384 --- [map_marker] [           main] c.m.m.MapMarkerApplicationTests          : Starting MapMarkerApplicationTests using Java 21.0.5 with PID 32384 (started by 22283 in F:\orders\2024-10-8\map_marker_1.0.4)
2025-03-12T01:18:00.250+08:00  INFO 32384 --- [map_marker] [           main] c.m.m.MapMarkerApplicationTests          : No active profile set, falling back to 1 default profile: "default"
2025-03-12T01:18:00.922+08:00  INFO 32384 --- [map_marker] [           main] .s.d.r.c.RepositoryConfigurationDelegate : Bootstrapping Spring Data JPA repositories in DEFAULT mode.
2025-03-12T01:18:00.963+08:00  INFO 32384 --- [map_marker] [           main] .s.d.r.c.RepositoryConfigurationDelegate : Finished Spring Data repository scanning in 33 ms. Found 3 JPA repository interfaces.
2025-03-12T01:18:01.850+08:00  INFO 32384 --- [map_marker] [           main] o.hibernate.jpa.internal.util.LogHelper  : HHH000204: Processing PersistenceUnitInfo [name: default]
2025-03-12T01:18:01.946+08:00  INFO 32384 --- [map_marker] [           main] org.hibernate.Version                    : HHH000412: Hibernate ORM core version 6.5.3.Final
2025-03-12T01:18:01.988+08:00  INFO 32384 --- [map_marker] [           main] o.h.c.internal.RegionFactoryInitiator    : HHH000026: Second-level cache disabled
2025-03-12T01:18:02.345+08:00  INFO 32384 --- [map_marker] [           main] o.s.o.j.p.SpringPersistenceUnitInfo      : No LoadTimeWeaver setup: ignoring JPA class transformer
2025-03-12T01:18:02.379+08:00  INFO 32384 --- [map_marker] [           main] com.zaxxer.hikari.HikariDataSource       : HikariPool-1 - Starting...
2025-03-12T01:18:02.749+08:00  INFO 32384 --- [map_marker] [           main] com.zaxxer.hikari.pool.HikariPool        : HikariPool-1 - Added connection com.mysql.cj.jdbc.ConnectionImpl@302da330
2025-03-12T01:18:02.750+08:00  INFO 32384 --- [map_marker] [           main] com.zaxxer.hikari.HikariDataSource       : HikariPool-1 - Start completed.
2025-03-12T01:18:02.797+08:00  WARN 32384 --- [map_marker] [           main] org.hibernate.orm.deprecation            : HHH90000025: MySQL8Dialect does not need to be specified explicitly using 'hibernate.dialect' (remove the property setting and it will be selected by default)
2025-03-12T01:18:02.798+08:00  WARN 32384 --- [map_marker] [           main] org.hibernate.orm.deprecation            : HHH90000026: MySQL8Dialect has been deprecated; use org.hibernate.dialect.MySQLDialect instead
2025-03-12T01:18:03.558+08:00  INFO 32384 --- [map_marker] [           main] o.h.e.t.j.p.i.JtaPlatformInitiator       : HHH000489: No JTA platform available (set 'hibernate.transaction.jta.platform' to enable JTA platform integration)
2025-03-12T01:18:03.599+08:00  INFO 32384 --- [map_marker] [           main] j.LocalContainerEntityManagerFactoryBean : Initialized JPA EntityManagerFactory for persistence unit 'default'
2025-03-12T01:18:03.907+08:00  INFO 32384 --- [map_marker] [           main] o.s.d.j.r.query.QueryEnhancerFactory     : Hibernate is in classpath; If applicable, HQL parser will be used.
2025-03-12T01:18:04.899+08:00  WARN 32384 --- [map_marker] [           main] JpaBaseConfiguration$JpaWebConfiguration : spring.jpa.open-in-view is enabled by default. Therefore, database queries may be performed during view rendering. Explicitly configure spring.jpa.open-in-view to disable this warning
2025-03-12T01:18:04.942+08:00  WARN 32384 --- [map_marker] [           main] o.s.security.core.userdetails.User       : User.withDefaultPasswordEncoder() is considered unsafe for production and is only intended for sample applications.
2025-03-12T01:18:05.055+08:00  INFO 32384 --- [map_marker] [           main] r$InitializeUserDetailsManagerConfigurer : Global AuthenticationManager configured with UserDetailsService bean with name userDetailsService
2025-03-12T01:18:05.970+08:00  INFO 32384 --- [map_marker] [           main] c.m.m.MapMarkerApplicationTests          : Started MapMarkerApplicationTests in 5.982 seconds (process running for 6.936)
]]></system-out>
    <system-err><![CDATA[WARNING: A Java agent has been loaded dynamically (C:\Users\22283\.m2\repository\net\bytebuddy\byte-buddy-agent\1.14.19\byte-buddy-agent-1.14.19.jar)
WARNING: If a serviceability tool is in use, please run with -XX:+EnableDynamicAgentLoading to hide this warning
WARNING: If a serviceability tool is not in use, please run with -Djdk.instrument.traceUsage for more information
WARNING: Dynamic loading of agents will be disallowed by default in a future release
]]></system-err>
  </testcase>
</testsuite>